Bad Checksum - idPage: 0, tyPage: 0, iPage: 0
Source      : D:\Working\xsdd-web\App_Data\XSDD.mdf
Destination : C:\Users\caoyk\AppData\Local\Temp\sqlF74F.tmp
Repairing - verMajor: 1, verMinor: 0, verBuild: 0, verPoint: 0
Time - 2011-20-12 13:22:55.341
Database format in database header page is corrupt (or not a database file)
Bad Checksum - idPage: 0, tyPage: 0, iPage: 121
Bad Checksum - idPage: 1, tyPage: 0, iPage: 47
Bad Checksum - idPage: 2, tyPage: 0, iPage: 99
Bad Checksum - idPage: 10, tyPage: 0, iPage: 215
Bad Checksum - idPage: 20, tyPage: 0, iPage: 363
Bad Checksum - idPage: 53, tyPage: 0, iPage: 285
Bad Checksum - idPage: 62, tyPage: 2, iPage: 529
Bad Checksum - idPage: 95, tyPage: 3, iPage: 139
Bad Checksum - idPage: 96, tyPage: 0, iPage: 87
Bad Checksum - idPage: 115, tyPage: 3, iPage: 225
Bad Checksum - idPage: 256, tyPage: 0, iPage: 319
Bad Checksum - idPage: 512, tyPage: 0, iPage: 102
Bad Checksum - idPage: 514, tyPage: 0, iPage: 90
Bad Checksum - idPage: 518, tyPage: 0, iPage: 64
Bad Checksum - idPage: 544, tyPage: 0, iPage: 500
Bad Checksum - idPage: 768, tyPage: 0, iPage: 335
Bad Checksum - idPage: 1024, tyPage: 0, iPage: 137
Bad Checksum - idPage: 1087, tyPage: 0, iPage: 305
Bad Checksum - idPage: 2816, tyPage: 0, iPage: 111
Bad Checksum - idPage: 3072, tyPage: 0, iPage: 179
Bad Checksum - idPage: 4096, tyPage: 0, iPage: 273
Bad Checksum - idPage: 4352, tyPage: 0, iPage: 309
Bad Checksum - idPage: 12288, tyPage: 0, iPage: 75
Bad Checksum - idPage: 16896, tyPage: 0, iPage: 240
Bad Checksum - idPage: 25856, tyPage: 0, iPage: 163
Bad Checksum - idPage: 29440, tyPage: 0, iPage: 117
Bad Checksum - idPage: 33280, tyPage: 0, iPage: 302
Bad Checksum - idPage: 49664, tyPage: 0, iPage: 430
Bad Checksum - idPage: 56505, tyPage: 12, iPage: 347
Bad Checksum - idPage: 65536, tyPage: 0, iPage: 277
Bad Checksum - idPage: 65620, tyPage: 6, iPage: 435
Bad Checksum - idPage: 65638, tyPage: 6, iPage: 489
Bad Checksum - idPage: 66048, tyPage: 0, iPage: 404
Bad Checksum - idPage: 66050, tyPage: 0, iPage: 94
Bad Checksum - idPage: 74017, tyPage: 2, iPage: 31
Bad Checksum - idPage: 82432, tyPage: 0, iPage: 256
Bad Checksum - idPage: 98816, tyPage: 0, iPage: 114
Bad Checksum - idPage: 114690, tyPage: 0, iPage: 92
Bad Checksum - idPage: 115200, tyPage: 0, iPage: 354
Bad Checksum - idPage: 131098, tyPage: 6, iPage: 43
Bad Checksum - idPage: 131104, tyPage: 4, iPage: 303
Bad Checksum - idPage: 131121, tyPage: 2, iPage: 485
Bad Checksum - idPage: 131131, tyPage: 2, iPage: 499
Bad Checksum - idPage: 131152, tyPage: 7, iPage: 487
Bad Checksum - idPage: 131173, tyPage: 2, iPage: 515
Bad Checksum - idPage: 131584, tyPage: 0, iPage: 236
Bad Checksum - idPage: 142336, tyPage: 4, iPage: 357
Bad Checksum - idPage: 147968, tyPage: 0, iPage: 252
Bad Checksum - idPage: 159596, tyPage: 7, iPage: 473
Bad Checksum - idPage: 164352, tyPage: 0, iPage: 128
Bad Checksum - idPage: 180736, tyPage: 0, iPage: 38
Bad Checksum - idPage: 196616, tyPage: 1, iPage: 171
Bad Checksum - idPage: 196640, tyPage: 6, iPage: 527
Bad Checksum - idPage: 196691, tyPage: 5, iPage: 433
Bad Checksum - idPage: 196716, tyPage: 7, iPage: 457
Bad Checksum - idPage: 196729, tyPage: 7, iPage: 233
Bad Checksum - idPage: 197120, tyPage: 0, iPage: 190
Bad Checksum - idPage: 197122, tyPage: 0, iPage: 88
Bad Checksum - idPage: 205568, tyPage: 2, iPage: 85
Bad Checksum - idPage: 209278, tyPage: 0, iPage: 313
Bad Checksum - idPage: 215664, tyPage: 4, iPage: 221
Bad Checksum - idPage: 218689, tyPage: 3, iPage: 219
Bad Checksum - idPage: 225100, tyPage: 6, iPage: 471
Bad Checksum - idPage: 229378, tyPage: 0, iPage: 86
Bad Checksum - idPage: 262223, tyPage: 7, iPage: 423
Bad Checksum - idPage: 262243, tyPage: 7, iPage: 293
Bad Checksum - idPage: 262248, tyPage: 7, iPage: 517
Bad Checksum - idPage: 262255, tyPage: 5, iPage: 491
Bad Checksum - idPage: 262256, tyPage: 7, iPage: 83
Bad Checksum - idPage: 262656, tyPage: 0, iPage: 244
Bad Checksum - idPage: 283713, tyPage: 4, iPage: 189
Bad Checksum - idPage: 287098, tyPage: 4, iPage: 465
Bad Checksum - idPage: 291439, tyPage: 6, iPage: 463
Bad Checksum - idPage: 308676, tyPage: 14, iPage: 451
Bad Checksum - idPage: 327680, tyPage: 6, iPage: 127
Bad Checksum - idPage: 327779, tyPage: 6, iPage: 447
Bad Checksum - idPage: 327780, tyPage: 4, iPage: 513
Bad Checksum - idPage: 327789, tyPage: 6, iPage: 519
Bad Checksum - idPage: 327795, tyPage: 6, iPage: 157
Bad Checksum - idPage: 355941, tyPage: 5, iPage: 461
Bad Checksum - idPage: 393216, tyPage: 0, iPage: 403
Bad Checksum - idPage: 393242, tyPage: 3, iPage: 281
Bad Checksum - idPage: 393259, tyPage: 6, iPage: 425
Bad Checksum - idPage: 458806, tyPage: 5, iPage: 429
Bad Checksum - idPage: 518119, tyPage: 14, iPage: 147
Bad Checksum - idPage: 524288, tyPage: 3, iPage: 81
Bad Checksum - idPage: 524391, tyPage: 6, iPage: 523
Bad Checksum - idPage: 524404, tyPage: 6, iPage: 521
Bad Checksum - idPage: 550700, tyPage: 14, iPage: 419
Bad Checksum - idPage: 576938, tyPage: 10, iPage: 387
Bad Checksum - idPage: 589840, tyPage: 1, iPage: 195
Bad Checksum - idPage: 589852, tyPage: 1, iPage: 207
Bad Checksum - idPage: 589923, tyPage: 5, iPage: 437
Bad Checksum - idPage: 589939, tyPage: 7, iPage: 115
Bad Checksum - idPage: 589940, tyPage: 6, iPage: 155
Bad Checksum - idPage: 589945, tyPage: 7, iPage: 493
Bad Checksum - idPage: 655360, tyPage: 14, iPage: 211
Bad Checksum - idPage: 655478, tyPage: 7, iPage: 421
Bad Checksum - idPage: 709836, tyPage: 13, iPage: 187
Bad Checksum - idPage: 720983, tyPage: 4, iPage: 427
Bad Checksum - idPage: 786434, tyPage: 0, iPage: 91
Bad Checksum - idPage: 786480, tyPage: 3, iPage: 443
Bad Checksum - idPage: 789005, tyPage: 3, iPage: 395
Bad Checksum - idPage: 798722, tyPage: 3, iPage: 349
Bad Checksum - idPage: 819025, tyPage: 13, iPage: 445
Bad Checksum - idPage: 852080, tyPage: 3, iPage: 525
Bad Checksum - idPage: 869666, tyPage: 6, iPage: 459
Bad Checksum - idPage: 880229, tyPage: 3, iPage: 469
Bad Checksum - idPage: 917538, tyPage: 3, iPage: 417
Bad Checksum - idPage: 917573, tyPage: 6, iPage: 159
Bad Checksum - idPage: 917604, tyPage: 3, iPage: 439
Bad Checksum - idPage: 929568, tyPage: 3, iPage: 467
Bad Checksum - idPage: 943459, tyPage: 6, iPage: 385
Bad Checksum - idPage: 983154, tyPage: 6, iPage: 257
Bad Checksum - idPage: 983156, tyPage: 6, iPage: 133
Bad Checksum - idPage: 983552, tyPage: 15, iPage: 298
Bad Checksum - idPage: 1016320, tyPage: 15, iPage: 318
Bad Checksum - idPage: 1048575, tyPage: 15, iPage: 5

